
8.12.2021, 19:06:15

Operating System
  Name                        = macOS
  Version                     = 12.1
  Architecture                = 64bit
  # CPUs                      = 12
  Memory                      = 34359738368

Node.js
  Node.js Version             = 16.13.1
  npm Version                 = 8.1.2

Titanium CLI
  CLI Version                 = 5.4.0

Titanium SDK
  SDK Version                 = 10.2.1
  SDK Path                    = /Users/marcbender/Library/Application Support/Titanium/mobilesdk/osx/10.2.1
  Target Platform             = android

Command
  /usr/local/bin/node /usr/local/bin/ti clean

[DEBUG]  Deleting /Users/marcbender/ti.sortablegrid/android/build/.gradle
[DEBUG]  Deleting /Users/marcbender/ti.sortablegrid/android/build/build
[DEBUG]  Deleting /Users/marcbender/ti.sortablegrid/android/build/build.gradle
[DEBUG]  Deleting /Users/marcbender/ti.sortablegrid/android/build/build_android.log
[DEBUG]  Deleting /Users/marcbender/ti.sortablegrid/android/build/gradle
[DEBUG]  Deleting /Users/marcbender/ti.sortablegrid/android/build/gradle.properties
[DEBUG]  Deleting /Users/marcbender/ti.sortablegrid/android/build/gradlew
[DEBUG]  Deleting /Users/marcbender/ti.sortablegrid/android/build/gradlew.bat
[DEBUG]  Deleting /Users/marcbender/ti.sortablegrid/android/build/local.properties
[DEBUG]  Deleting /Users/marcbender/ti.sortablegrid/android/build/module
[DEBUG]  Deleting /Users/marcbender/ti.sortablegrid/android/build/settings.gradle
[DEBUG]  Deleting /Users/marcbender/ti.sortablegrid/android/build/ti.constants.gradle
[DEBUG]  Deleting /Users/marcbender/ti.sortablegrid/android/dist